<?xml version="1.0" encoding="UTF-8"?>
<!-- Generated by org.testng.reporters.JUnitReportReporter -->
<testsuite hostname="Dell-PC" name="com.SpringerNature.Testcases.Search_HappyPath" tests="1" failures="0" timestamp="19 Sep 2016 04:29:06 GMT" time="47.366" errors="1">
  <testcase name="search_function_happypath" time="47.366" classname="com.SpringerNature.Testcases.Search_HappyPath">
    <error type="org.openqa.selenium.WebDriverException" message="Failed to connect to binary FirefoxBinary(C:\Program Files (x86)\Mozilla Firefox\firefox.exe) on port 7055; process output follows: 
3.0&quot;}],&quot;targetPlatforms&quot;:[],&quot;multiprocessCompatible&quot;:false,&quot;signedState&quot;:2,&quot;seen&quot;:true}
1474259301678	DeferredSave.extensions.json	DEBUG	Save changes
1474259301678	addons.xpi	DEBUG	Updating database with changes to installed add-ons
1474259301678	addons.xpi-utils	DEBUG	Updating add-on states
1474259301681	addons.xpi-utils	DEBUG	Writing add-ons list
1474259301685	addons.xpi	DEBUG	Registering manifest for C:\Program Files (x86)\Mozilla Firefox\browser\features\e10srollout@mozilla.org.xpi
1474259301686	addons.xpi	DEBUG	Calling bootstrap method startup on e10srollout@mozilla.org version 1.0
1474259301686	addons.xpi	DEBUG	Registering manifest for C:\Program Files (x86)\Mozilla Firefox\browser\features\firefox@getpocket.com.xpi
1474259301687	addons.xpi	DEBUG	Calling bootstrap method startup on firefox@getpocket.com version 1.0.2
1474259301688	addons.xpi	DEBUG	Registering manifest for C:\Program Files (x86)\Mozilla Firefox\browser\features\loop@mozilla.org.xpi
1474259301690	addons.xpi	DEBUG	Calling bootstrap method startup on loop@mozilla.org version 1.3.2
1474259301715	addons.xpi	DEBUG	Registering manifest for C:\Program Files (x86)\Mozilla Firefox\browser\extensions\{82AF8DCA-6DE9-405D-BD5E-43525BDAD38A}.xpi
1474259301715	addons.xpi	DEBUG	Calling bootstrap method startup on {82AF8DCA-6DE9-405D-BD5E-43525BDAD38A} version 8.3.0.9150
1474259301720	addons.manager	DEBUG	Registering shutdown blocker for XPIProvider
1474259301720	addons.manager	DEBUG	Provider finished startup: XPIProvider
1474259301720	addons.manager	DEBUG	Starting provider: LightweightThemeManager
1474259301720	addons.manager	DEBUG	Registering shutdown blocker for LightweightThemeManager
1474259301720	addons.manager	DEBUG	Provider finished startup: LightweightThemeManager
1474259301721	addons.manager	DEBUG	Starting provider: GMPProvider
1474259301729	addons.manager	DEBUG	Registering shutdown blocker for GMPProvider
1474259301729	addons.manager	DEBUG	Provider finished startup: GMPProvider
1474259301729	addons.manager	DEBUG	Starting provider: PluginProvider
1474259301729	addons.manager	DEBUG	Registering shutdown blocker for PluginProvider
1474259301729	addons.manager	DEBUG	Provider finished startup: PluginProvider
1474259301730	addons.manager	DEBUG	Completed startup sequence
1474259303849	addons.manager	DEBUG	Starting provider: &lt;unnamed-provider&gt;
1474259303849	addons.manager	DEBUG	Registering shutdown blocker for &lt;unnamed-provider&gt;
1474259303850	addons.manager	DEBUG	Provider finished startup: &lt;unnamed-provider&gt;
JavaScript warning: resource://gre/modules/commonjs/toolkit/loader.js -&gt; resource://gre/modules/commonjs/sdk/system/environment.js, line 15: Proxy.create and Proxy.createFunction are deprecated, use new Proxy instead
1474259304285	DeferredSave.extensions.json	DEBUG	Write succeeded
1474259304285	addons.xpi-utils	DEBUG	XPI Database saved, setting schema version preference to 17
1474259304286	DeferredSave.extensions.json	DEBUG	Starting timer
1474259304302	addons.repository	DEBUG	No addons.json found.
1474259304302	DeferredSave.addons.json	DEBUG	Save changes
1474259304306	DeferredSave.addons.json	DEBUG	Starting timer
1474259304343	addons.manager	DEBUG	Starting provider: PreviousExperimentProvider
1474259304344	addons.manager	DEBUG	Registering shutdown blocker for PreviousExperimentProvider
1474259304344	addons.manager	DEBUG	Provider finished startup: PreviousExperimentProvider
1474259304347	DeferredSave.extensions.json	DEBUG	Starting write
1474259304397	DeferredSave.addons.json	DEBUG	Starting write
1474259304451	DeferredSave.extensions.json	DEBUG	Write succeeded
1474259304465	DeferredSave.addons.json	DEBUG	Write succeeded
JavaScript error: https://support.skype.com/en/faq/FA34612/what-is-the-skype-extension, line 1: TypeError: require is not a function
JavaScript error: https://support.skype.com/en/faq/FA34612/what-is-the-skype-extension, line 1: ReferenceError: define is not defined
JavaScript error: https://support.skype.com/en/faq/FA34612/what-is-the-skype-extension, line 11: TypeError: SUPSITE.log is not a function

Build info: version: &#039;2.52.0&#039;, revision: &#039;4c2593c&#039;, time: &#039;2016-02-11 19:06:42&#039;
System info: host: &#039;Dell-PC&#039;, ip: &#039;192.168.0.14&#039;, os.name: &#039;Windows 7&#039;, os.arch: &#039;x86&#039;, os.version: &#039;6.1&#039;, java.version: &#039;1.7.0_02&#039;
Driver info: driver.version: FirefoxDriver">
      <![CDATA[org.openqa.selenium.WebDriverException: Failed to connect to binary FirefoxBinary(C:\Program Files (x86)\Mozilla Firefox\firefox.exe) on port 7055; process output follows: 
3.0"}],"targetPlatforms":[],"multiprocessCompatible":false,"signedState":2,"seen":true}
1474259301678	DeferredSave.extensions.json	DEBUG	Save changes
1474259301678	addons.xpi	DEBUG	Updating database with changes to installed add-ons
1474259301678	addons.xpi-utils	DEBUG	Updating add-on states
1474259301681	addons.xpi-utils	DEBUG	Writing add-ons list
1474259301685	addons.xpi	DEBUG	Registering manifest for C:\Program Files (x86)\Mozilla Firefox\browser\features\e10srollout@mozilla.org.xpi
1474259301686	addons.xpi	DEBUG	Calling bootstrap method startup on e10srollout@mozilla.org version 1.0
1474259301686	addons.xpi	DEBUG	Registering manifest for C:\Program Files (x86)\Mozilla Firefox\browser\features\firefox@getpocket.com.xpi
1474259301687	addons.xpi	DEBUG	Calling bootstrap method startup on firefox@getpocket.com version 1.0.2
1474259301688	addons.xpi	DEBUG	Registering manifest for C:\Program Files (x86)\Mozilla Firefox\browser\features\loop@mozilla.org.xpi
1474259301690	addons.xpi	DEBUG	Calling bootstrap method startup on loop@mozilla.org version 1.3.2
1474259301715	addons.xpi	DEBUG	Registering manifest for C:\Program Files (x86)\Mozilla Firefox\browser\extensions\{82AF8DCA-6DE9-405D-BD5E-43525BDAD38A}.xpi
1474259301715	addons.xpi	DEBUG	Calling bootstrap method startup on {82AF8DCA-6DE9-405D-BD5E-43525BDAD38A} version 8.3.0.9150
1474259301720	addons.manager	DEBUG	Registering shutdown blocker for XPIProvider
1474259301720	addons.manager	DEBUG	Provider finished startup: XPIProvider
1474259301720	addons.manager	DEBUG	Starting provider: LightweightThemeManager
1474259301720	addons.manager	DEBUG	Registering shutdown blocker for LightweightThemeManager
1474259301720	addons.manager	DEBUG	Provider finished startup: LightweightThemeManager
1474259301721	addons.manager	DEBUG	Starting provider: GMPProvider
1474259301729	addons.manager	DEBUG	Registering shutdown blocker for GMPProvider
1474259301729	addons.manager	DEBUG	Provider finished startup: GMPProvider
1474259301729	addons.manager	DEBUG	Starting provider: PluginProvider
1474259301729	addons.manager	DEBUG	Registering shutdown blocker for PluginProvider
1474259301729	addons.manager	DEBUG	Provider finished startup: PluginProvider
1474259301730	addons.manager	DEBUG	Completed startup sequence
1474259303849	addons.manager	DEBUG	Starting provider: <unnamed-provider>
1474259303849	addons.manager	DEBUG	Registering shutdown blocker for <unnamed-provider>
1474259303850	addons.manager	DEBUG	Provider finished startup: <unnamed-provider>
JavaScript warning: resource://gre/modules/commonjs/toolkit/loader.js -> resource://gre/modules/commonjs/sdk/system/environment.js, line 15: Proxy.create and Proxy.createFunction are deprecated, use new Proxy instead
1474259304285	DeferredSave.extensions.json	DEBUG	Write succeeded
1474259304285	addons.xpi-utils	DEBUG	XPI Database saved, setting schema version preference to 17
1474259304286	DeferredSave.extensions.json	DEBUG	Starting timer
1474259304302	addons.repository	DEBUG	No addons.json found.
1474259304302	DeferredSave.addons.json	DEBUG	Save changes
1474259304306	DeferredSave.addons.json	DEBUG	Starting timer
1474259304343	addons.manager	DEBUG	Starting provider: PreviousExperimentProvider
1474259304344	addons.manager	DEBUG	Registering shutdown blocker for PreviousExperimentProvider
1474259304344	addons.manager	DEBUG	Provider finished startup: PreviousExperimentProvider
1474259304347	DeferredSave.extensions.json	DEBUG	Starting write
1474259304397	DeferredSave.addons.json	DEBUG	Starting write
1474259304451	DeferredSave.extensions.json	DEBUG	Write succeeded
1474259304465	DeferredSave.addons.json	DEBUG	Write succeeded
JavaScript error: https://support.skype.com/en/faq/FA34612/what-is-the-skype-extension, line 1: TypeError: require is not a function
JavaScript error: https://support.skype.com/en/faq/FA34612/what-is-the-skype-extension, line 1: ReferenceError: define is not defined
JavaScript error: https://support.skype.com/en/faq/FA34612/what-is-the-skype-extension, line 11: TypeError: SUPSITE.log is not a function

Build info: version: '2.52.0', revision: '4c2593c', time: '2016-02-11 19:06:42'
System info: host: 'Dell-PC', ip: '192.168.0.14', os.name: 'Windows 7', os.arch: 'x86', os.version: '6.1', java.version: '1.7.0_02'
Driver info: driver.version: FirefoxDriver
	at org.openqa.selenium.firefox.internal.NewProfileExtensionConnection.start(NewProfileExtensionConnection.java:124)
	at org.openqa.selenium.firefox.FirefoxDriver.startClient(FirefoxDriver.java:271)
	at org.openqa.selenium.remote.RemoteWebDriver.<init>(RemoteWebDriver.java:119)
	at org.openqa.selenium.firefox.FirefoxDriver.<init>(FirefoxDriver.java:218)
	at org.openqa.selenium.firefox.FirefoxDriver.<init>(FirefoxDriver.java:211)
	at org.openqa.selenium.firefox.FirefoxDriver.<init>(FirefoxDriver.java:207)
	at org.openqa.selenium.firefox.FirefoxDriver.<init>(FirefoxDriver.java:120)
	at com.SpringerNature.Testcases.Search_HappyPath.search_function_happypath(Search_HappyPath.java:20)
	at sun.reflect.NativeMethodAccessorImpl.invoke0(Native Method)
	at sun.reflect.NativeMethodAccessorImpl.invoke(NativeMethodAccessorImpl.java:57)
	at sun.reflect.DelegatingMethodAccessorImpl.invoke(DelegatingMethodAccessorImpl.java:43)
	at java.lang.reflect.Method.invoke(Method.java:601)
	at org.testng.internal.MethodInvocationHelper.invokeMethod(MethodInvocationHelper.java:85)
	at org.testng.internal.Invoker.invokeMethod(Invoker.java:639)
	at org.testng.internal.Invoker.invokeTestMethod(Invoker.java:816)
	at org.testng.internal.Invoker.invokeTestMethods(Invoker.java:1124)
	at org.testng.internal.TestMethodWorker.invokeTestMethods(TestMethodWorker.java:125)
	at org.testng.internal.TestMethodWorker.run(TestMethodWorker.java:108)
	at org.testng.TestRunner.privateRun(TestRunner.java:774)
	at org.testng.TestRunner.run(TestRunner.java:624)
	at org.testng.SuiteRunner.runTest(SuiteRunner.java:359)
	at org.testng.SuiteRunner.runSequentially(SuiteRunner.java:354)
	at org.testng.SuiteRunner.privateRun(SuiteRunner.java:312)
	at org.testng.SuiteRunner.run(SuiteRunner.java:261)
	at org.testng.SuiteRunnerWorker.runSuite(SuiteRunnerWorker.java:52)
	at org.testng.SuiteRunnerWorker.run(SuiteRunnerWorker.java:86)
	at org.testng.TestNG.runSuitesSequentially(TestNG.java:1215)
	at org.testng.TestNG.runSuitesLocally(TestNG.java:1140)
	at org.testng.TestNG.run(TestNG.java:1048)
	at org.testng.remote.AbstractRemoteTestNG.run(AbstractRemoteTestNG.java:126)
	at org.testng.remote.RemoteTestNG.initAndRun(RemoteTestNG.java:137)
	at org.testng.remote.RemoteTestNG.main(RemoteTestNG.java:58)
Caused by: org.openqa.selenium.firefox.NotConnectedException: Unable to connect to host 127.0.0.1 on port 7055 after 45000 ms. Firefox console output:
3.0"}],"targetPlatforms":[],"multiprocessCompatible":false,"signedState":2,"seen":true}
1474259301678	DeferredSave.extensions.json	DEBUG	Save changes
1474259301678	addons.xpi	DEBUG	Updating database with changes to installed add-ons
1474259301678	addons.xpi-utils	DEBUG	Updating add-on states
1474259301681	addons.xpi-utils	DEBUG	Writing add-ons list
1474259301685	addons.xpi	DEBUG	Registering manifest for C:\Program Files (x86)\Mozilla Firefox\browser\features\e10srollout@mozilla.org.xpi
1474259301686	addons.xpi	DEBUG	Calling bootstrap method startup on e10srollout@mozilla.org version 1.0
1474259301686	addons.xpi	DEBUG	Registering manifest for C:\Program Files (x86)\Mozilla Firefox\browser\features\firefox@getpocket.com.xpi
1474259301687	addons.xpi	DEBUG	Calling bootstrap method startup on firefox@getpocket.com version 1.0.2
1474259301688	addons.xpi	DEBUG	Registering manifest for C:\Program Files (x86)\Mozilla Firefox\browser\features\loop@mozilla.org.xpi
1474259301690	addons.xpi	DEBUG	Calling bootstrap method startup on loop@mozilla.org version 1.3.2
1474259301715	addons.xpi	DEBUG	Registering manifest for C:\Program Files (x86)\Mozilla Firefox\browser\extensions\{82AF8DCA-6DE9-405D-BD5E-43525BDAD38A}.xpi
1474259301715	addons.xpi	DEBUG	Calling bootstrap method startup on {82AF8DCA-6DE9-405D-BD5E-43525BDAD38A} version 8.3.0.9150
1474259301720	addons.manager	DEBUG	Registering shutdown blocker for XPIProvider
1474259301720	addons.manager	DEBUG	Provider finished startup: XPIProvider
1474259301720	addons.manager	DEBUG	Starting provider: LightweightThemeManager
1474259301720	addons.manager	DEBUG	Registering shutdown blocker for LightweightThemeManager
1474259301720	addons.manager	DEBUG	Provider finished startup: LightweightThemeManager
1474259301721	addons.manager	DEBUG	Starting provider: GMPProvider
1474259301729	addons.manager	DEBUG	Registering shutdown blocker for GMPProvider
1474259301729	addons.manager	DEBUG	Provider finished startup: GMPProvider
1474259301729	addons.manager	DEBUG	Starting provider: PluginProvider
1474259301729	addons.manager	DEBUG	Registering shutdown blocker for PluginProvider
1474259301729	addons.manager	DEBUG	Provider finished startup: PluginProvider
1474259301730	addons.manager	DEBUG	Completed startup sequence
1474259303849	addons.manager	DEBUG	Starting provider: <unnamed-provider>
1474259303849	addons.manager	DEBUG	Registering shutdown blocker for <unnamed-provider>
1474259303850	addons.manager	DEBUG	Provider finished startup: <unnamed-provider>
JavaScript warning: resource://gre/modules/commonjs/toolkit/loader.js -> resource://gre/modules/commonjs/sdk/system/environment.js, line 15: Proxy.create and Proxy.createFunction are deprecated, use new Proxy instead
1474259304285	DeferredSave.extensions.json	DEBUG	Write succeeded
1474259304285	addons.xpi-utils	DEBUG	XPI Database saved, setting schema version preference to 17
1474259304286	DeferredSave.extensions.json	DEBUG	Starting timer
1474259304302	addons.repository	DEBUG	No addons.json found.
1474259304302	DeferredSave.addons.json	DEBUG	Save changes
1474259304306	DeferredSave.addons.json	DEBUG	Starting timer
1474259304343	addons.manager	DEBUG	Starting provider: PreviousExperimentProvider
1474259304344	addons.manager	DEBUG	Registering shutdown blocker for PreviousExperimentProvider
1474259304344	addons.manager	DEBUG	Provider finished startup: PreviousExperimentProvider
1474259304347	DeferredSave.extensions.json	DEBUG	Starting write
1474259304397	DeferredSave.addons.json	DEBUG	Starting write
1474259304451	DeferredSave.extensions.json	DEBUG	Write succeeded
1474259304465	DeferredSave.addons.json	DEBUG	Write succeeded
JavaScript error: https://support.skype.com/en/faq/FA34612/what-is-the-skype-extension, line 1: TypeError: require is not a function
JavaScript error: https://support.skype.com/en/faq/FA34612/what-is-the-skype-extension, line 1: ReferenceError: define is not defined
JavaScript error: https://support.skype.com/en/faq/FA34612/what-is-the-skype-extension, line 11: TypeError: SUPSITE.log is not a function

	at org.openqa.selenium.firefox.internal.NewProfileExtensionConnection.start(NewProfileExtensionConnection.java:112)
	... 31 more
]]>
    </error>
  </testcase> <!-- search_function_happypath -->
</testsuite> <!-- com.SpringerNature.Testcases.Search_HappyPath -->
